This is XeTeX, Version 3.14159265-2.6-0.999991 (TeX Live 2019) (preloaded format=xelatex 2019.11.15)  24 JAN 2020 00:16
entering extended mode
 restricted \write18 enabled.
 file:line:error style messages enabled.
 %&-line parsing enabled.
**选题背景.tex
(./选题背景.tex
LaTeX2e <2019-10-01>
./选题背景.tex:1: Undefined control sequence.
l.1 \chapter
            {选题背景}
? 
./选题背景.tex:1: Emergency stop.
l.1 \chapter
            {选题背景}
End of file on the terminal!

 
Here is how much of TeX's memory you used:
 4 strings out of 493992
 30 string characters out of 6161315
 59912 words of memory out of 5000000
 4499 multiletter control sequences out of 15000+600000
 3640 words of font info for 14 fonts, out of 8000000 for 9000
 319 hyphenation exceptions out of 8191
 4i,0n,1p,25b,8s stack positions out of 5000i,500n,10000p,200000b,80000s
No pages of output.
